<?xml version="1.0" encoding="UTF-8"?>
<!-- Generated by org.testng.reporters.JUnitReportReporter -->
<testsuite hostname="Aman-PC01" failures="0" tests="1" name="com.naveenautomation.LoginPageTest" time="6.048" errors="0" timestamp="08 Oct. 2023 04:58:52 GMT" skipped="0">
  <testcase classname="com.naveenautomation.LoginPageTest" name="validateUserCanLoginWithValidCredentials" time="6.048"/>
</testsuite> <!-- com.naveenautomation.LoginPageTest -->
