<?xml version="1.0" encoding="UTF-8"?>
<!-- Generated by org.testng.reporters.JUnitReportReporter -->
<testsuite hostname="Aman-PC01" failures="1" tests="1" name="com.naveenautomation.AccountPageTest" time="7.344" errors="0" timestamp="2023-10-13T02:20:28 EDT" skipped="0">
  <testcase classname="com.naveenautomation.AccountPageTest" name="validateIfUserCanAddTheProductInWishList" time="7.344">
    <failure message="Item has not been added to the wishlist expected [ Success: You have added iMac to your wish list!] but found [Desktops (13)
   - PC (0)
   - Mac (1)
Laptops &amp; Notebooks (5)
Components (2)
Tablets (1)
Software (0)
Phones &amp; PDAs (3)
Cameras (2)
MP3 Players (4)
Mac
Product Compare (0)
Sort By:
                                          Default
                                                        Name (A - Z)
                                                        Name (Z - A)
                                                        Price (Low &gt; High)
                                                        Price (High &gt; Low)
                                                        Rating (Highest)
                                                        Rating (Lowest)
                                                        Model (A - Z)
                                                        Model (Z - A)
                                         Show:
                                          15
                                                        25
                                                        50
                                                        75
                                                        100
                                         iMac
Just when you thought iMac had everything, now there´s even more. More powerful Intel Core 2 Duo pro..
$100.00
Ex Tax: $100.00
ADD TO CART
Showing 1 to 1 of 1 (1 Pages)]" type="java.lang.AssertionError">
      <![CDATA[java.lang.AssertionError: Item has not been added to the wishlist expected [ Success: You have added iMac to your wish list!] but found [Desktops (13)
   - PC (0)
   - Mac (1)
Laptops & Notebooks (5)
Components (2)
Tablets (1)
Software (0)
Phones & PDAs (3)
Cameras (2)
MP3 Players (4)
Mac
Product Compare (0)
Sort By:
                                          Default
                                                        Name (A - Z)
                                                        Name (Z - A)
                                                        Price (Low > High)
                                                        Price (High > Low)
                                                        Rating (Highest)
                                                        Rating (Lowest)
                                                        Model (A - Z)
                                                        Model (Z - A)
                                         Show:
                                          15
                                                        25
                                                        50
                                                        75
                                                        100
                                         iMac
Just when you thought iMac had everything, now there´s even more. More powerful Intel Core 2 Duo pro..
$100.00
Ex Tax: $100.00
ADD TO CART
Showing 1 to 1 of 1 (1 Pages)]
at org.testng.Assert.fail(Assert.java:99)
at org.testng.Assert.failNotEquals(Assert.java:1037)
at org.testng.Assert.assertEqualsImpl(Assert.java:140)
at org.testng.Assert.assertEquals(Assert.java:122)
at org.testng.Assert.assertEquals(Assert.java:629)
at com.naveenautomation.AccountPageTest.validateIfUserCanAddTheProductInWishList(AccountPageTest.java:70)
at java.base/jdk.internal.reflect.NativeMethodAccessorImpl.invoke0(Native Method)
at java.base/jdk.internal.reflect.NativeMethodAccessorImpl.invoke(NativeMethodAccessorImpl.java:77)
at java.base/jdk.internal.reflect.DelegatingMethodAccessorImpl.invoke(DelegatingMethodAccessorImpl.java:43)
at java.base/java.lang.reflect.Method.invoke(Method.java:568)
at org.testng.internal.MethodInvocationHelper.invokeMethod(MethodInvocationHelper.java:132)
at org.testng.internal.TestInvoker.invokeMethod(TestInvoker.java:599)
at org.testng.internal.TestInvoker.invokeTestMethod(TestInvoker.java:174)
at org.testng.internal.MethodRunner.runInSequence(MethodRunner.java:46)
at org.testng.internal.TestInvoker$MethodInvocationAgent.invoke(TestInvoker.java:822)
at org.testng.internal.TestInvoker.invokeTestMethods(TestInvoker.java:147)
at org.testng.internal.TestMethodWorker.invokeTestMethods(TestMethodWorker.java:146)
at org.testng.internal.TestMethodWorker.run(TestMethodWorker.java:128)
at java.base/java.util.ArrayList.forEach(ArrayList.java:1511)
at org.testng.TestRunner.privateRun(TestRunner.java:764)
at org.testng.TestRunner.run(TestRunner.java:585)
at org.testng.SuiteRunner.runTest(SuiteRunner.java:384)
at org.testng.SuiteRunner.runSequentially(SuiteRunner.java:378)
at org.testng.SuiteRunner.privateRun(SuiteRunner.java:337)
at org.testng.SuiteRunner.run(SuiteRunner.java:286)
at org.testng.SuiteRunnerWorker.runSuite(SuiteRunnerWorker.java:53)
at org.testng.SuiteRunnerWorker.run(SuiteRunnerWorker.java:96)
at org.testng.TestNG.runSuitesSequentially(TestNG.java:1218)
at org.testng.TestNG.runSuitesLocally(TestNG.java:1140)
at org.testng.TestNG.runSuites(TestNG.java:1069)
at org.testng.TestNG.run(TestNG.java:1037)
at org.testng.remote.AbstractRemoteTestNG.run(AbstractRemoteTestNG.java:115)
at org.testng.remote.RemoteTestNG.initAndRun(RemoteTestNG.java:251)
at org.testng.remote.RemoteTestNG.main(RemoteTestNG.java:77)
]]>
    </failure>
  </testcase> <!-- validateIfUserCanAddTheProductInWishList -->
  <system-out/>
</testsuite> <!-- com.naveenautomation.AccountPageTest -->
