<?xml version="1.0" encoding="UTF-8"?>
<!-- Generated by org.testng.reporters.JUnitReportReporter -->
<testsuite hostname="Aman-PC01" failures="0" tests="1" name="com.naveenautomation.pagetest.HandlingWebTables" time="44.405" errors="0" timestamp="2023-10-14T17:06:43 EDT" skipped="0">
  <testcase classname="com.naveenautomation.pagetest.HandlingWebTables" name="testingWebTable" time="44.405"/>
  <system-out/>
</testsuite> <!-- com.naveenautomation.pagetest.HandlingWebTables -->
