<?xml version="1.0" encoding="UTF-8"?>
<!-- Generated by org.testng.reporters.JUnitReportReporter -->
<testsuite hostname="Aman-PC01" failures="0" tests="1" name="com.naveenautomation.ForgottenPasswordPageTest" time="7.627" errors="0" timestamp="09 Oct. 2023 02:37:32 GMT" skipped="0">
  <testcase classname="com.naveenautomation.ForgottenPasswordPageTest" name="changePassword" time="7.627"/>
</testsuite> <!-- com.naveenautomation.ForgottenPasswordPageTest -->
