<?xml version="1.0" encoding="UTF-8"?>
<!-- Generated by org.testng.reporters.JUnitReportReporter -->
<testsuite hostname="Aman-PC01" failures="0" tests="1" name="com.naveenautomation.pagetest.WishListPageTest" time="8.518" errors="0" timestamp="2023-10-14T21:41:29 EDT" skipped="0">
  <testcase classname="com.naveenautomation.pagetest.WishListPageTest" name="validateIfUserCanSeeTheListOfProductsInWishList" time="8.518"/>
  <system-out/>
</testsuite> <!-- com.naveenautomation.pagetest.WishListPageTest -->
