<?xml version="1.0" encoding="UTF-8"?>
<!-- Generated by org.testng.reporters.JUnitReportReporter -->
<testsuite hostname="Aman-PC01" failures="0" tests="1" name="com.naveenautomation.AccountLoginTestPage" time="8.637" errors="0" timestamp="2023-10-12T01:04:37 EDT" skipped="0">
  <testcase classname="com.naveenautomation.AccountLoginTestPage" name="validateIfUserCanLogout" time="8.637"/>
  <system-out/>
</testsuite> <!-- com.naveenautomation.AccountLoginTestPage -->
