<?xml version="1.0" encoding="UTF-8"?>
<!-- Generated by org.testng.reporters.JUnitReportReporter -->
<testsuite hostname="Aman-PC01" failures="0" tests="1" name="com.naveenautomation.LogoutPageTest" time="8.305" errors="0" timestamp="09 Oct. 2023 04:27:48 GMT" skipped="0">
  <testcase classname="com.naveenautomation.LogoutPageTest" name="accountLogout" time="8.305"/>
</testsuite> <!-- com.naveenautomation.LogoutPageTest -->
