<?xml version="1.0" encoding="UTF-8"?>
<!-- Generated by org.testng.reporters.JUnitReportReporter -->
<testsuite hostname="Aman-PC01" failures="0" tests="1" name="com.naveenautomation.NewsletterPageTest" time="6.706" errors="0" timestamp="09 Oct. 2023 04:08:38 GMT" skipped="0">
  <testcase classname="com.naveenautomation.NewsletterPageTest" name="validateSubscribeOption" time="6.706"/>
</testsuite> <!-- com.naveenautomation.NewsletterPageTest -->
